Diagnose log at 2026-03-04T12:03:24Z

AppPath: C:\Program Files\Git\mingw64\bin\git-credential-manager.exe
InstallDir: C:\Program Files\Git\mingw64\bin\
Version: 2.6.1+786ab03440ddc82e807a97c0e540f5247e44cec6

------------
Diagnostic: Environment
Skipped: False
Success: True
Exception: None
Log:
OSType: Windows
OSVersion: 10.0 (build 19045)
Reading environment variables... OK
 Variables:
MSYSTEM_CHOST=x86_64-w64-mingw32
_=C:/Program Files/Git/mingw64/bin/git
ORIGINAL_TMP=C:/Users/HP/AppData/Local/Temp
PUBLIC=C:\Users\Public
ALLUSERSPROFILE=C:\ProgramData
LOGONSERVER=\\LAPTOP-Q96JHC09
INFOPATH=C:\Program Files\Git\mingw64\local\info;C:\Program Files\Git\mingw64\share\info;C:\Program Files\Git\usr\local\info;C:\Program Files\Git\usr\share\info;C:\Program Files\Git\usr\info;C:\Program Files\Git\share\info
LOCALAPPDATA=C:\Users\HP\AppData\Local
ProgramData=C:\ProgramData
PKG_CONFIG_PATH=C:\Program Files\Git\mingw64\lib\pkgconfig;C:\Program Files\Git\mingw64\share\pkgconfig
TMPDIR=C:\Users\HP\AppData\Local\Temp
ORIGINAL_PATH=C:\Program Files\Git\mingw64\bin;C:\Program Files\Git\usr\bin;C:\Users\HP\bin;C:\windows\system32;C:\windows;C:\windows\System32\Wbem;C:\windows\System32\WindowsPowerShell\v1.0;C:\windows\System32\OpenSSH;C:\Program Files (x86)\NVIDIA Corporation\PhysX\Common;C:\Program Files\NVIDIA Corporation\NVIDIA NvDLISR;C:\WINDOWS\system32;C:\WINDOWS;C:\WINDOWS\System32\Wbem;C:\WINDOWS\System32\WindowsPowerShell\v1.0;C:\WINDOWS\System32\OpenSSH;C:\Program Files\youtube-dl;C:\Program Files\Calibre2;C:\ProgramData\chocolatey\bin;C:\Program Files\Amazon\AWSCLIV2;D:\program;C:\Program Files\HP\HP One Agent;C:\Program Files\Pandoc;C:\Program Files\GitHub CLI;C:\Program Files\dotnet;C:\Program Files\Git\cmd;C:\Program Files\Docker\Docker\resources\bin;C:\Program Files\Go\bin;D:\Program Files\Tailscale;D:\Program Files\google-cloud-sdk\bin;C:\Users\HP\AppData\Local\Programs\Python\Python313\Scripts;C:\Users\HP\AppData\Local\Programs\Python\Python313;C:\Users\HP\AppData\Local\Programs\Python\Launcher;C:\Users\HP\AppData\Local\Microsoft\WindowsApps;C:\Users\HP\AppData\Local\Programs\Microsoft VS Code\bin;C:\Users\HP\.cache\lm-studio\bin;C:\Users\HP\AppData\Local\Microsoft\WinGet\Links;C:\Users\HP\AppData\Roaming\npm;D:\Program Files\Antigravity\bin;C:\Users\HP\go\bin
platformcode=KV
ACLOCAL_PATH=C:\Program Files\Git\mingw64\share\aclocal;C:\Program Files\Git\usr\share\aclocal
ProgramW6432=C:\Program Files
PAGER=cat
ANTIGRAVITY_CLI_ALIAS=agy
ANTIGRAVITY_AGENT=1
MANPATH=C:\Program Files\Git\mingw64\local\man;C:\Program Files\Git\mingw64\share\man;C:\Program Files\Git\usr\local\man;C:\Program Files\Git\usr\share\man;C:\Program Files\Git\usr\man;C:\Program Files\Git\share\man
WINDIR=C:\WINDOWS
CONFIG_SITE=C:/Program Files/Git/etc/config.site
VSCODE_GIT_ASKPASS_MAIN=d:\Program Files\Antigravity\resources\app\extensions\git\dist\askpass-main.js
SHELL=C:\Program Files\Git\usr\bin\bash.exe
MSYSTEM=MINGW64
OS=Windows_NT
PROCESSOR_ARCHITECTURE=x86
MINGW_PACKAGE_PREFIX=mingw-w64-x86_64
SHLVL=1
PATHEXT=.COM;.EXE;.BAT;.CMD;.VBS;.VBE;.JS;.JSE;.WSF;.WSH;.MSC
__PSLockDownPolicy=0
DISPLAY=needs-to-be-defined
ORIGINAL_TEMP=C:/Users/HP/AppData/Local/Temp
CommonProgramW6432=C:\Program Files\Common Files
ProgramFiles(x86)=C:\Program Files (x86)
VSCODE_GIT_ASKPASS_EXTRA_ARGS=
COMSPEC=C:\WINDOWS\system32\cmd.exe
GOPATH=C:\Users\HP\go
USERNAME=HP
SYSTEMROOT=C:\WINDOWS
GIT_ASKPASS=d:\Program Files\Antigravity\resources\app\extensions\git\dist\askpass.sh
MSYSTEM_CARCH=x86_64
MINGW_CHOST=x86_64-w64-mingw32
TERM=xterm-256color
LANG=en_US.UTF-8
PATH=C:/Program Files/Git/mingw64/libexec/git-core;C:\Users\HP\bin;C:\Program Files\Git\mingw64\bin;C:\Program Files\Git\usr\local\bin;C:\Program Files\Git\usr\bin;C:\Program Files\Git\usr\bin;C:\Program Files\Git\mingw64\bin;C:\Program Files\Git\usr\bin;C:\Users\HP\bin;C:\windows\system32;C:\windows;C:\windows\System32\Wbem;C:\windows\System32\WindowsPowerShell\v1.0;C:\windows\System32\OpenSSH;C:\Program Files (x86)\NVIDIA Corporation\PhysX\Common;C:\Program Files\NVIDIA Corporation\NVIDIA NvDLISR;C:\WINDOWS\system32;C:\WINDOWS;C:\WINDOWS\System32\Wbem;C:\WINDOWS\System32\WindowsPowerShell\v1.0;C:\WINDOWS\System32\OpenSSH;C:\Program Files\youtube-dl;C:\Program Files\Calibre2;C:\ProgramData\chocolatey\bin;C:\Program Files\Amazon\AWSCLIV2;D:\program;C:\Program Files\HP\HP One Agent;C:\Program Files\Pandoc;C:\Program Files\GitHub CLI;C:\Program Files\dotnet;C:\Program Files\Git\cmd;C:\Program Files\Docker\Docker\resources\bin;C:\Program Files\Go\bin;D:\Program Files\Tailscale;D:\Program Files\google-cloud-sdk\bin;C:\Users\HP\AppData\Local\Programs\Python\Python313\Scripts;C:\Users\HP\AppData\Local\Programs\Python\Python313;C:\Users\HP\AppData\Local\Programs\Python\Launcher;C:\Users\HP\AppData\Local\Microsoft\WindowsApps;C:\Users\HP\AppData\Local\Programs\Microsoft VS Code\bin;C:\Users\HP\.cache\lm-studio\bin;C:\Users\HP\AppData\Local\Microsoft\WinGet\Links;C:\Users\HP\AppData\Roaming\npm;D:\Program Files\Antigravity\bin;C:\Users\HP\go\bin;C:\Program Files\Git\usr\bin\vendor_perl;C:\Program Files\Git\usr\bin\core_perl
OnlineServices=Online Services
PSModulePath=C:\Program Files\WindowsPowerShell\Modules;C:\WINDOWS\system32\WindowsPowerShell\v1.0\Modules
PROCESSOR_REVISION=8e0b
GIT_EXEC_PATH=C:/Program Files/Git/mingw64/libexec/git-core
PWD=D:/Cloud Native/Application_Project/Cooker_Diary_Website/cooker-diary.github.io
APPDATA=C:\Users\HP\AppData\Roaming
FPS_BROWSER_APP_PROFILE_STRING=Internet Explorer
COMPUTERNAME=LAPTOP-Q96JHC09
CommonProgramFiles(x86)=C:\Program Files (x86)\Common Files
FPS_BROWSER_USER_PROFILE_STRING=Default
DriverData=C:\Windows\System32\Drivers\DriverData
ChocolateyLastPathUpdate=133966279132856230
PLINK_PROTOCOL=ssh
PROCESSOR_LEVEL=6
EXEPATH=C:\Program Files\Git\bin
HOMEDRIVE=C:
PKG_CONFIG_SYSTEM_INCLUDE_PATH=C:/Program Files/Git/mingw64/include
OneDriveConsumer=C:\Users\HP\OneDrive
PKG_CONFIG_SYSTEM_LIBRARY_PATH=C:/Program Files/Git/mingw64/lib
PROGRAMFILES=C:\Program Files (x86)
OLDPWD=D:/Cloud Native/Application_Project/Cooker_Diary_Website/cooker-diary.github.io
SSH_ASKPASS=C:/Program Files/Git/mingw64/bin/git-askpass.exe
USERPROFILE=C:\Users\HP
GIT_TRACE2_PARENT_SID=90ae0f2f-9030-4819-b402-d2e24a178fd4
RegionCode=APJ
PROCESSOR_IDENTIFIER=Intel64 Family 6 Model 142 Stepping 11, GenuineIntel
OneDrive=C:\Users\HP\OneDrive
SESSIONNAME=Console
TMP=C:\Users\HP\AppData\Local\Temp
TERM_PROGRAM_VERSION=1.107.0
HOSTNAME=LAPTOP-Q96JHC09
TERM_PROGRAM=vscode
USERDOMAIN=LAPTOP-Q96JHC09
NUMBER_OF_PROCESSORS=8
PS1=\[]633;A\]\[\033]0;$TITLEPREFIX:$PWD\007\]\n\[\033[32m\]\u@\h \[\033[35m\]$MSYSTEM \[\033[33m\]\w\[\033[36m\]`__git_ps1`\[\033[0m\]\n$ \[]633;B\]
CHROME_CRASHPAD_PIPE_NAME=\\.\pipe\crashpad_3200_TPJLRXWJEOFJCFRX
SYSTEMDRIVE=C:
VSCODE_GIT_ASKPASS_NODE=D:\Program Files\Antigravity\Antigravity.exe
USERDOMAIN_ROAMINGPROFILE=LAPTOP-Q96JHC09
COMMONPROGRAMFILES=C:\Program Files (x86)\Common Files
ChocolateyInstall=C:\ProgramData\chocolatey
VSCODE_GIT_IPC_HANDLE=\\.\pipe\vscode-git-143acedaa0-sock
VSCODE_PYTHON_AUTOACTIVATE_GUARD=1
HOMEPATH=\Users\HP
COLORTERM=truecolor
HOME=C:\Users\HP
MSYSTEM_PREFIX=C:/Program Files/Git/mingw64
PROCESSOR_ARCHITEW6432=AMD64
TEMP=C:\Users\HP\AppData\Local\Temp
MINGW_PREFIX=C:/Program Files/Git/mingw64


------------
Diagnostic: File system
Skipped: False
Success: True
Exception: None
Log:
Temporary directory is 'C:\Users\HP\AppData\Local\Temp\'...
Checking basic file I/O...
Writing to temporary file 'C:\Users\HP\AppData\Local\Temp\72924a0c9c434efe226674a7'... OK
Reading from temporary file 'C:\Users\HP\AppData\Local\Temp\72924a0c9c434efe226674a7'... OK
Deleting temporary file 'C:\Users\HP\AppData\Local\Temp\72924a0c9c434efe226674a7'... OK
Testing IFileSystem instance...
UserHomePath: C:\Users\HP
UserDataDirectoryPath: C:\Users\HP\.gcm
GetCurrentDirectory(): D:\Cloud Native\Application_Project\Cooker_Diary_Website\cooker-diary.github.io

------------
Diagnostic: Networking
Skipped: False
Success: True
Exception: None
Log:
Checking networking and HTTP stack...
Creating HTTP client... OK
IsNetworkAvailable: True
Sending HEAD request to http://example.com...Sending HEAD request to https://example.com... OK
 OK
Acquiring free TCP port... OK
Testing local HTTP loopback connections...
Creating new HTTP listener for http://localhost:63614/... OK
Waiting for loopback connection... OK
Writing response... OK
Waiting for response data... OK
Loopback connection data OK

------------
Diagnostic: Git
Skipped: False
Success: True
Exception: None
Log:
Getting Git version... OK
Git version is '2.52.0.windows.1'
Locating current repository...Git repository at 'D:/Cloud Native/Application_Project/Cooker_Diary_Website/cooker-diary.github.io/.git'
 OK
Listing all Git configuration... OK
Git configuration:
file:C:/Program Files/Git/etc/gitconfig	diff.astextplain.textconv=astextplain
file:C:/Program Files/Git/etc/gitconfig	filter.lfs.clean=git-lfs clean -- %f
file:C:/Program Files/Git/etc/gitconfig	filter.lfs.smudge=git-lfs smudge -- %f
file:C:/Program Files/Git/etc/gitconfig	filter.lfs.process=git-lfs filter-process
file:C:/Program Files/Git/etc/gitconfig	filter.lfs.required=true
file:C:/Program Files/Git/etc/gitconfig	http.sslbackend=openssl
file:C:/Program Files/Git/etc/gitconfig	http.sslcainfo=C:/Program Files/Git/mingw64/etc/ssl/certs/ca-bundle.crt
file:C:/Program Files/Git/etc/gitconfig	core.autocrlf=true
file:C:/Program Files/Git/etc/gitconfig	core.fscache=true
file:C:/Program Files/Git/etc/gitconfig	core.symlinks=false
file:C:/Program Files/Git/etc/gitconfig	pull.rebase=false
file:C:/Program Files/Git/etc/gitconfig	credential.helper=manager
file:C:/Program Files/Git/etc/gitconfig	credential.https://dev.azure.com.usehttppath=true
file:C:/Program Files/Git/etc/gitconfig	init.defaultbranch=master
file:C:/Users/HP/.gitconfig	credential.helperselector.selected=manager
file:C:/Users/HP/.gitconfig	user.name=bobohan777
file:C:/Users/HP/.gitconfig	user.email=bobohan1989@gmail.com
file:C:/Users/HP/.gitconfig	credential.usehttppath=true
file:C:/Users/HP/.gitconfig	credential.helper=manager
file:C:/Users/HP/.gitconfig	credential.https://git-codecommit.us-east-1.amazonaws.com/v1/repos/wildrydes-site.provider=generic
file:C:/Users/HP/.gitconfig	difftool.sourcetree.cmd='' 
file:C:/Users/HP/.gitconfig	mergetool.sourcetree.cmd='' 
file:C:/Users/HP/.gitconfig	mergetool.sourcetree.trustexitcode=true
file:C:/Users/HP/.gitconfig	mergetool.sourcetree.keepbackup=false
file:C:/Users/HP/.gitconfig	core.autocrlf=true
file:C:/Users/HP/.gitconfig	safe.directory=D:/BBPersonal/Compact data/Strategic Plan/Obsidian_Vault51
file:.git/config	core.repositoryformatversion=0
file:.git/config	core.filemode=false
file:.git/config	core.bare=false
file:.git/config	core.logallrefupdates=true
file:.git/config	core.symlinks=false
file:.git/config	core.ignorecase=true
file:.git/config	remote.origin.url=https://github.com/cooker-diary/cooker-diary.github.io.git
file:.git/config	remote.origin.fetch=+refs/heads/*:refs/remotes/origin/*
file:.git/config	branch.main.remote=origin
file:.git/config	branch.main.merge=refs/heads/main
file:.git/config	branch.main.vscode-merge-base=origin/main


------------
Diagnostic: Credential storage
Skipped: False
Success: True
Exception: None
Log:
ICredentialStore instance is of type: CredentialStore
Writing test credential... OK
Reading test credential... OK
Deleting test credential... OK

------------
Diagnostic: Microsoft authentication (AAD/MSA)
Skipped: False
Success: True
Exception: None
Log:
Broker is not enabled.
Flow type is: Auto
Gathering MSAL token cache data... OK
CacheDirectory: C:\Users\HP\AppData\Local\.IdentityService
CacheFileName: msal.cache
CacheFilePath: C:\Users\HP\AppData\Local\.IdentityService\msal.cache
Creating cache helper... OK
Verifying MSAL token cache persistence... OK

------------
Diagnostic: GitHub API
Skipped: False
Success: True
Exception: None
Log:
Using 'https://github.com/' as API target.
Querying '/meta' endpoint... OK

